16/08/2025 19:05:14 [nrb-nayon] ERROR: [31m🤢 Failed to connect Database[39m
16/08/2025 19:07:00 [nrb-nayon] ERROR: [31m🤢 Failed to connect Database[39m
16/08/2025 19:08:58 [nrb-nayon] ERROR: [31m🤢 Failed to connect Database[39m
16/08/2025 19:11:15 [nrb-nayon] ERROR: [31m🤢 Failed to connect Database[39m
16/08/2025 19:13:13 [nrb-nayon] ERROR: [31m🤢 Failed to connect Database[39m
16/08/2025 19:14:55 [nrb-nayon] ERROR: uncaughtException: Cannot find module 'helpers/emailHelper'
Require stack:
- D:\Whisky-Cask-Club-BACKEND\src\shared\emailService.ts
- D:\Whisky-Cask-Club-BACKEND\src\app\modules\subscription\subscription.service.ts
- D:\Whisky-Cask-Club-BACKEND\src\app\modules\subscription\subscription.controller.ts
- D:\Whisky-Cask-Club-BACKEND\src\app\modules\subscription\subscription.route.ts
- D:\Whisky-Cask-Club-BACKEND\src\routes\index.ts
- D:\Whisky-Cask-Club-BACKEND\src\app.ts
- D:\Whisky-Cask-Club-BACKEND\src\server.ts
Error: Cannot find module 'helpers/emailHelper'
Require stack:
- D:\Whisky-Cask-Club-BACKEND\src\shared\emailService.ts
- D:\Whisky-Cask-Club-BACKEND\src\app\modules\subscription\subscription.service.ts
- D:\Whisky-Cask-Club-BACKEND\src\app\modules\subscription\subscription.controller.ts
- D:\Whisky-Cask-Club-BACKEND\src\app\modules\subscription\subscription.route.ts
- D:\Whisky-Cask-Club-BACKEND\src\routes\index.ts
- D:\Whisky-Cask-Club-BACKEND\src\app.ts
- D:\Whisky-Cask-Club-BACKEND\src\server.ts
    at Function.Module._resolveFilename (node:internal/modules/cjs/loader:1225:15)
    at Function.Module._load (node:internal/modules/cjs/loader:1051:27)
    at Module.require (node:internal/modules/cjs/loader:1311:19)
    at require (node:internal/modules/helpers:179:18)
    at Object.<anonymous> (D:\Whisky-Cask-Club-BACKEND\src\shared\emailService.ts:5:1)
    at Module._compile (node:internal/modules/cjs/loader:1469:14)
    at Module._compile (D:\Whisky-Cask-Club-BACKEND\node_modules\.pnpm\source-map-support@0.5.21\node_modules\source-map-support\source-map-support.js:568:25)
    at Module.m._compile (C:\Users\user\AppData\Local\Temp\ts-node-dev-hook-5901128904119382.js:69:33)
    at Module._extensions..js (node:internal/modules/cjs/loader:1548:10)
    at require.extensions..jsx.require.extensions..js (C:\Users\user\AppData\Local\Temp\ts-node-dev-hook-5901128904119382.js:114:20)
Error: Cannot find module 'helpers/emailHelper'
Require stack:
- D:\Whisky-Cask-Club-BACKEND\src\shared\emailService.ts
- D:\Whisky-Cask-Club-BACKEND\src\app\modules\subscription\subscription.service.ts
- D:\Whisky-Cask-Club-BACKEND\src\app\modules\subscription\subscription.controller.ts
- D:\Whisky-Cask-Club-BACKEND\src\app\modules\subscription\subscription.route.ts
- D:\Whisky-Cask-Club-BACKEND\src\routes\index.ts
- D:\Whisky-Cask-Club-BACKEND\src\app.ts
- D:\Whisky-Cask-Club-BACKEND\src\server.ts
    at Function.Module._resolveFilename (node:internal/modules/cjs/loader:1225:15)
    at Function.Module._load (node:internal/modules/cjs/loader:1051:27)
    at Module.require (node:internal/modules/cjs/loader:1311:19)
    at require (node:internal/modules/helpers:179:18)
    at Object.<anonymous> (D:\Whisky-Cask-Club-BACKEND\src\shared\emailService.ts:5:1)
    at Module._compile (node:internal/modules/cjs/loader:1469:14)
    at Module._compile (D:\Whisky-Cask-Club-BACKEND\node_modules\.pnpm\source-map-support@0.5.21\node_modules\source-map-support\source-map-support.js:568:25)
    at Module.m._compile (C:\Users\user\AppData\Local\Temp\ts-node-dev-hook-5901128904119382.js:69:33)
    at Module._extensions..js (node:internal/modules/cjs/loader:1548:10)
    at require.extensions..jsx.require.extensions..js (C:\Users\user\AppData\Local\Temp\ts-node-dev-hook-5901128904119382.js:114:20)
16/08/2025 19:14:55 [nrb-nayon] ERROR: Uncaught Exception: Cannot find module 'helpers/emailHelper'
Require stack:
- D:\Whisky-Cask-Club-BACKEND\src\shared\emailService.ts
- D:\Whisky-Cask-Club-BACKEND\src\app\modules\subscription\subscription.service.ts
- D:\Whisky-Cask-Club-BACKEND\src\app\modules\subscription\subscription.controller.ts
- D:\Whisky-Cask-Club-BACKEND\src\app\modules\subscription\subscription.route.ts
- D:\Whisky-Cask-Club-BACKEND\src\routes\index.ts
- D:\Whisky-Cask-Club-BACKEND\src\app.ts
- D:\Whisky-Cask-Club-BACKEND\src\server.ts
Error: Cannot find module 'helpers/emailHelper'
Require stack:
- D:\Whisky-Cask-Club-BACKEND\src\shared\emailService.ts
- D:\Whisky-Cask-Club-BACKEND\src\app\modules\subscription\subscription.service.ts
- D:\Whisky-Cask-Club-BACKEND\src\app\modules\subscription\subscription.controller.ts
- D:\Whisky-Cask-Club-BACKEND\src\app\modules\subscription\subscription.route.ts
- D:\Whisky-Cask-Club-BACKEND\src\routes\index.ts
- D:\Whisky-Cask-Club-BACKEND\src\app.ts
- D:\Whisky-Cask-Club-BACKEND\src\server.ts
    at Function.Module._resolveFilename (node:internal/modules/cjs/loader:1225:15)
    at Function.Module._load (node:internal/modules/cjs/loader:1051:27)
    at Module.require (node:internal/modules/cjs/loader:1311:19)
    at require (node:internal/modules/helpers:179:18)
    at Object.<anonymous> (D:\Whisky-Cask-Club-BACKEND\src\shared\emailService.ts:5:1)
    at Module._compile (node:internal/modules/cjs/loader:1469:14)
    at Module._compile (D:\Whisky-Cask-Club-BACKEND\node_modules\.pnpm\source-map-support@0.5.21\node_modules\source-map-support\source-map-support.js:568:25)
    at Module.m._compile (C:\Users\user\AppData\Local\Temp\ts-node-dev-hook-5901128904119382.js:69:33)
    at Module._extensions..js (node:internal/modules/cjs/loader:1548:10)
    at require.extensions..jsx.require.extensions..js (C:\Users\user\AppData\Local\Temp\ts-node-dev-hook-5901128904119382.js:114:20)
16/08/2025 19:16:31 [nrb-nayon] ERROR: uncaughtException: Cannot find module 'helpers/emailHelper'
Require stack:
- D:\Whisky-Cask-Club-BACKEND\src\shared\emailService.ts
- D:\Whisky-Cask-Club-BACKEND\src\app\modules\subscription\subscription.service.ts
- D:\Whisky-Cask-Club-BACKEND\src\app\modules\subscription\subscription.controller.ts
- D:\Whisky-Cask-Club-BACKEND\src\app\modules\subscription\subscription.route.ts
- D:\Whisky-Cask-Club-BACKEND\src\routes\index.ts
- D:\Whisky-Cask-Club-BACKEND\src\app.ts
- D:\Whisky-Cask-Club-BACKEND\src\server.ts
Error: Cannot find module 'helpers/emailHelper'
Require stack:
- D:\Whisky-Cask-Club-BACKEND\src\shared\emailService.ts
- D:\Whisky-Cask-Club-BACKEND\src\app\modules\subscription\subscription.service.ts
- D:\Whisky-Cask-Club-BACKEND\src\app\modules\subscription\subscription.controller.ts
- D:\Whisky-Cask-Club-BACKEND\src\app\modules\subscription\subscription.route.ts
- D:\Whisky-Cask-Club-BACKEND\src\routes\index.ts
- D:\Whisky-Cask-Club-BACKEND\src\app.ts
- D:\Whisky-Cask-Club-BACKEND\src\server.ts
    at Function.Module._resolveFilename (node:internal/modules/cjs/loader:1225:15)
    at Function.Module._load (node:internal/modules/cjs/loader:1051:27)
    at Module.require (node:internal/modules/cjs/loader:1311:19)
    at require (node:internal/modules/helpers:179:18)
    at Object.<anonymous> (D:\Whisky-Cask-Club-BACKEND\src\shared\emailService.ts:5:1)
    at Module._compile (node:internal/modules/cjs/loader:1469:14)
    at Module._compile (D:\Whisky-Cask-Club-BACKEND\node_modules\.pnpm\source-map-support@0.5.21\node_modules\source-map-support\source-map-support.js:568:25)
    at Module.m._compile (C:\Users\user\AppData\Local\Temp\ts-node-dev-hook-5901128904119382.js:69:33)
    at Module._extensions..js (node:internal/modules/cjs/loader:1548:10)
    at require.extensions..jsx.require.extensions..js (C:\Users\user\AppData\Local\Temp\ts-node-dev-hook-5901128904119382.js:114:20)
Error: Cannot find module 'helpers/emailHelper'
Require stack:
- D:\Whisky-Cask-Club-BACKEND\src\shared\emailService.ts
- D:\Whisky-Cask-Club-BACKEND\src\app\modules\subscription\subscription.service.ts
- D:\Whisky-Cask-Club-BACKEND\src\app\modules\subscription\subscription.controller.ts
- D:\Whisky-Cask-Club-BACKEND\src\app\modules\subscription\subscription.route.ts
- D:\Whisky-Cask-Club-BACKEND\src\routes\index.ts
- D:\Whisky-Cask-Club-BACKEND\src\app.ts
- D:\Whisky-Cask-Club-BACKEND\src\server.ts
    at Function.Module._resolveFilename (node:internal/modules/cjs/loader:1225:15)
    at Function.Module._load (node:internal/modules/cjs/loader:1051:27)
    at Module.require (node:internal/modules/cjs/loader:1311:19)
    at require (node:internal/modules/helpers:179:18)
    at Object.<anonymous> (D:\Whisky-Cask-Club-BACKEND\src\shared\emailService.ts:5:1)
    at Module._compile (node:internal/modules/cjs/loader:1469:14)
    at Module._compile (D:\Whisky-Cask-Club-BACKEND\node_modules\.pnpm\source-map-support@0.5.21\node_modules\source-map-support\source-map-support.js:568:25)
    at Module.m._compile (C:\Users\user\AppData\Local\Temp\ts-node-dev-hook-5901128904119382.js:69:33)
    at Module._extensions..js (node:internal/modules/cjs/loader:1548:10)
    at require.extensions..jsx.require.extensions..js (C:\Users\user\AppData\Local\Temp\ts-node-dev-hook-5901128904119382.js:114:20)
16/08/2025 19:16:31 [nrb-nayon] ERROR: Uncaught Exception: Cannot find module 'helpers/emailHelper'
Require stack:
- D:\Whisky-Cask-Club-BACKEND\src\shared\emailService.ts
- D:\Whisky-Cask-Club-BACKEND\src\app\modules\subscription\subscription.service.ts
- D:\Whisky-Cask-Club-BACKEND\src\app\modules\subscription\subscription.controller.ts
- D:\Whisky-Cask-Club-BACKEND\src\app\modules\subscription\subscription.route.ts
- D:\Whisky-Cask-Club-BACKEND\src\routes\index.ts
- D:\Whisky-Cask-Club-BACKEND\src\app.ts
- D:\Whisky-Cask-Club-BACKEND\src\server.ts
Error: Cannot find module 'helpers/emailHelper'
Require stack:
- D:\Whisky-Cask-Club-BACKEND\src\shared\emailService.ts
- D:\Whisky-Cask-Club-BACKEND\src\app\modules\subscription\subscription.service.ts
- D:\Whisky-Cask-Club-BACKEND\src\app\modules\subscription\subscription.controller.ts
- D:\Whisky-Cask-Club-BACKEND\src\app\modules\subscription\subscription.route.ts
- D:\Whisky-Cask-Club-BACKEND\src\routes\index.ts
- D:\Whisky-Cask-Club-BACKEND\src\app.ts
- D:\Whisky-Cask-Club-BACKEND\src\server.ts
    at Function.Module._resolveFilename (node:internal/modules/cjs/loader:1225:15)
    at Function.Module._load (node:internal/modules/cjs/loader:1051:27)
    at Module.require (node:internal/modules/cjs/loader:1311:19)
    at require (node:internal/modules/helpers:179:18)
    at Object.<anonymous> (D:\Whisky-Cask-Club-BACKEND\src\shared\emailService.ts:5:1)
    at Module._compile (node:internal/modules/cjs/loader:1469:14)
    at Module._compile (D:\Whisky-Cask-Club-BACKEND\node_modules\.pnpm\source-map-support@0.5.21\node_modules\source-map-support\source-map-support.js:568:25)
    at Module.m._compile (C:\Users\user\AppData\Local\Temp\ts-node-dev-hook-5901128904119382.js:69:33)
    at Module._extensions..js (node:internal/modules/cjs/loader:1548:10)
    at require.extensions..jsx.require.extensions..js (C:\Users\user\AppData\Local\Temp\ts-node-dev-hook-5901128904119382.js:114:20)
16/08/2025 19:16:55 [nrb-nayon] ERROR: uncaughtException: Cannot find module 'helpers/emailHelper'
Require stack:
- D:\Whisky-Cask-Club-BACKEND\src\shared\emailService.ts
- D:\Whisky-Cask-Club-BACKEND\src\app\modules\subscription\subscription.service.ts
- D:\Whisky-Cask-Club-BACKEND\src\app\modules\subscription\subscription.controller.ts
- D:\Whisky-Cask-Club-BACKEND\src\app\modules\subscription\subscription.route.ts
- D:\Whisky-Cask-Club-BACKEND\src\routes\index.ts
- D:\Whisky-Cask-Club-BACKEND\src\app.ts
- D:\Whisky-Cask-Club-BACKEND\src\server.ts
Error: Cannot find module 'helpers/emailHelper'
Require stack:
- D:\Whisky-Cask-Club-BACKEND\src\shared\emailService.ts
- D:\Whisky-Cask-Club-BACKEND\src\app\modules\subscription\subscription.service.ts
- D:\Whisky-Cask-Club-BACKEND\src\app\modules\subscription\subscription.controller.ts
- D:\Whisky-Cask-Club-BACKEND\src\app\modules\subscription\subscription.route.ts
- D:\Whisky-Cask-Club-BACKEND\src\routes\index.ts
- D:\Whisky-Cask-Club-BACKEND\src\app.ts
- D:\Whisky-Cask-Club-BACKEND\src\server.ts
    at Function.Module._resolveFilename (node:internal/modules/cjs/loader:1225:15)
    at Function.Module._load (node:internal/modules/cjs/loader:1051:27)
    at Module.require (node:internal/modules/cjs/loader:1311:19)
    at require (node:internal/modules/helpers:179:18)
    at Object.<anonymous> (D:\Whisky-Cask-Club-BACKEND\src\shared\emailService.ts:5:1)
    at Module._compile (node:internal/modules/cjs/loader:1469:14)
    at Module._compile (D:\Whisky-Cask-Club-BACKEND\node_modules\.pnpm\source-map-support@0.5.21\node_modules\source-map-support\source-map-support.js:568:25)
    at Module.m._compile (C:\Users\user\AppData\Local\Temp\ts-node-dev-hook-548114955859601.js:69:33)
    at Module._extensions..js (node:internal/modules/cjs/loader:1548:10)
    at require.extensions..jsx.require.extensions..js (C:\Users\user\AppData\Local\Temp\ts-node-dev-hook-548114955859601.js:114:20)
Error: Cannot find module 'helpers/emailHelper'
Require stack:
- D:\Whisky-Cask-Club-BACKEND\src\shared\emailService.ts
- D:\Whisky-Cask-Club-BACKEND\src\app\modules\subscription\subscription.service.ts
- D:\Whisky-Cask-Club-BACKEND\src\app\modules\subscription\subscription.controller.ts
- D:\Whisky-Cask-Club-BACKEND\src\app\modules\subscription\subscription.route.ts
- D:\Whisky-Cask-Club-BACKEND\src\routes\index.ts
- D:\Whisky-Cask-Club-BACKEND\src\app.ts
- D:\Whisky-Cask-Club-BACKEND\src\server.ts
    at Function.Module._resolveFilename (node:internal/modules/cjs/loader:1225:15)
    at Function.Module._load (node:internal/modules/cjs/loader:1051:27)
    at Module.require (node:internal/modules/cjs/loader:1311:19)
    at require (node:internal/modules/helpers:179:18)
    at Object.<anonymous> (D:\Whisky-Cask-Club-BACKEND\src\shared\emailService.ts:5:1)
    at Module._compile (node:internal/modules/cjs/loader:1469:14)
    at Module._compile (D:\Whisky-Cask-Club-BACKEND\node_modules\.pnpm\source-map-support@0.5.21\node_modules\source-map-support\source-map-support.js:568:25)
    at Module.m._compile (C:\Users\user\AppData\Local\Temp\ts-node-dev-hook-548114955859601.js:69:33)
    at Module._extensions..js (node:internal/modules/cjs/loader:1548:10)
    at require.extensions..jsx.require.extensions..js (C:\Users\user\AppData\Local\Temp\ts-node-dev-hook-548114955859601.js:114:20)
16/08/2025 19:16:55 [nrb-nayon] ERROR: Uncaught Exception: Cannot find module 'helpers/emailHelper'
Require stack:
- D:\Whisky-Cask-Club-BACKEND\src\shared\emailService.ts
- D:\Whisky-Cask-Club-BACKEND\src\app\modules\subscription\subscription.service.ts
- D:\Whisky-Cask-Club-BACKEND\src\app\modules\subscription\subscription.controller.ts
- D:\Whisky-Cask-Club-BACKEND\src\app\modules\subscription\subscription.route.ts
- D:\Whisky-Cask-Club-BACKEND\src\routes\index.ts
- D:\Whisky-Cask-Club-BACKEND\src\app.ts
- D:\Whisky-Cask-Club-BACKEND\src\server.ts
Error: Cannot find module 'helpers/emailHelper'
Require stack:
- D:\Whisky-Cask-Club-BACKEND\src\shared\emailService.ts
- D:\Whisky-Cask-Club-BACKEND\src\app\modules\subscription\subscription.service.ts
- D:\Whisky-Cask-Club-BACKEND\src\app\modules\subscription\subscription.controller.ts
- D:\Whisky-Cask-Club-BACKEND\src\app\modules\subscription\subscription.route.ts
- D:\Whisky-Cask-Club-BACKEND\src\routes\index.ts
- D:\Whisky-Cask-Club-BACKEND\src\app.ts
- D:\Whisky-Cask-Club-BACKEND\src\server.ts
    at Function.Module._resolveFilename (node:internal/modules/cjs/loader:1225:15)
    at Function.Module._load (node:internal/modules/cjs/loader:1051:27)
    at Module.require (node:internal/modules/cjs/loader:1311:19)
    at require (node:internal/modules/helpers:179:18)
    at Object.<anonymous> (D:\Whisky-Cask-Club-BACKEND\src\shared\emailService.ts:5:1)
    at Module._compile (node:internal/modules/cjs/loader:1469:14)
    at Module._compile (D:\Whisky-Cask-Club-BACKEND\node_modules\.pnpm\source-map-support@0.5.21\node_modules\source-map-support\source-map-support.js:568:25)
    at Module.m._compile (C:\Users\user\AppData\Local\Temp\ts-node-dev-hook-548114955859601.js:69:33)
    at Module._extensions..js (node:internal/modules/cjs/loader:1548:10)
    at require.extensions..jsx.require.extensions..js (C:\Users\user\AppData\Local\Temp\ts-node-dev-hook-548114955859601.js:114:20)
16/08/2025 19:17:57 [nrb-nayon] ERROR: uncaughtException: Cannot find module 'helpers/emailHelper'
Require stack:
- D:\Whisky-Cask-Club-BACKEND\src\shared\emailService.ts
- D:\Whisky-Cask-Club-BACKEND\src\app\modules\subscription\subscription.service.ts
- D:\Whisky-Cask-Club-BACKEND\src\app\modules\subscription\subscription.controller.ts
- D:\Whisky-Cask-Club-BACKEND\src\app\modules\subscription\subscription.route.ts
- D:\Whisky-Cask-Club-BACKEND\src\routes\index.ts
- D:\Whisky-Cask-Club-BACKEND\src\app.ts
- D:\Whisky-Cask-Club-BACKEND\src\server.ts
Error: Cannot find module 'helpers/emailHelper'
Require stack:
- D:\Whisky-Cask-Club-BACKEND\src\shared\emailService.ts
- D:\Whisky-Cask-Club-BACKEND\src\app\modules\subscription\subscription.service.ts
- D:\Whisky-Cask-Club-BACKEND\src\app\modules\subscription\subscription.controller.ts
- D:\Whisky-Cask-Club-BACKEND\src\app\modules\subscription\subscription.route.ts
- D:\Whisky-Cask-Club-BACKEND\src\routes\index.ts
- D:\Whisky-Cask-Club-BACKEND\src\app.ts
- D:\Whisky-Cask-Club-BACKEND\src\server.ts
    at Function.Module._resolveFilename (node:internal/modules/cjs/loader:1225:15)
    at Function.Module._load (node:internal/modules/cjs/loader:1051:27)
    at Module.require (node:internal/modules/cjs/loader:1311:19)
    at require (node:internal/modules/helpers:179:18)
    at Object.<anonymous> (D:\Whisky-Cask-Club-BACKEND\src\shared\emailService.ts:5:1)
    at Module._compile (node:internal/modules/cjs/loader:1469:14)
    at Module._compile (D:\Whisky-Cask-Club-BACKEND\node_modules\.pnpm\source-map-support@0.5.21\node_modules\source-map-support\source-map-support.js:568:25)
    at Module.m._compile (C:\Users\user\AppData\Local\Temp\ts-node-dev-hook-548114955859601.js:69:33)
    at Module._extensions..js (node:internal/modules/cjs/loader:1548:10)
    at require.extensions..jsx.require.extensions..js (C:\Users\user\AppData\Local\Temp\ts-node-dev-hook-548114955859601.js:114:20)
Error: Cannot find module 'helpers/emailHelper'
Require stack:
- D:\Whisky-Cask-Club-BACKEND\src\shared\emailService.ts
- D:\Whisky-Cask-Club-BACKEND\src\app\modules\subscription\subscription.service.ts
- D:\Whisky-Cask-Club-BACKEND\src\app\modules\subscription\subscription.controller.ts
- D:\Whisky-Cask-Club-BACKEND\src\app\modules\subscription\subscription.route.ts
- D:\Whisky-Cask-Club-BACKEND\src\routes\index.ts
- D:\Whisky-Cask-Club-BACKEND\src\app.ts
- D:\Whisky-Cask-Club-BACKEND\src\server.ts
    at Function.Module._resolveFilename (node:internal/modules/cjs/loader:1225:15)
    at Function.Module._load (node:internal/modules/cjs/loader:1051:27)
    at Module.require (node:internal/modules/cjs/loader:1311:19)
    at require (node:internal/modules/helpers:179:18)
    at Object.<anonymous> (D:\Whisky-Cask-Club-BACKEND\src\shared\emailService.ts:5:1)
    at Module._compile (node:internal/modules/cjs/loader:1469:14)
    at Module._compile (D:\Whisky-Cask-Club-BACKEND\node_modules\.pnpm\source-map-support@0.5.21\node_modules\source-map-support\source-map-support.js:568:25)
    at Module.m._compile (C:\Users\user\AppData\Local\Temp\ts-node-dev-hook-548114955859601.js:69:33)
    at Module._extensions..js (node:internal/modules/cjs/loader:1548:10)
    at require.extensions..jsx.require.extensions..js (C:\Users\user\AppData\Local\Temp\ts-node-dev-hook-548114955859601.js:114:20)
16/08/2025 19:17:57 [nrb-nayon] ERROR: Uncaught Exception: Cannot find module 'helpers/emailHelper'
Require stack:
- D:\Whisky-Cask-Club-BACKEND\src\shared\emailService.ts
- D:\Whisky-Cask-Club-BACKEND\src\app\modules\subscription\subscription.service.ts
- D:\Whisky-Cask-Club-BACKEND\src\app\modules\subscription\subscription.controller.ts
- D:\Whisky-Cask-Club-BACKEND\src\app\modules\subscription\subscription.route.ts
- D:\Whisky-Cask-Club-BACKEND\src\routes\index.ts
- D:\Whisky-Cask-Club-BACKEND\src\app.ts
- D:\Whisky-Cask-Club-BACKEND\src\server.ts
Error: Cannot find module 'helpers/emailHelper'
Require stack:
- D:\Whisky-Cask-Club-BACKEND\src\shared\emailService.ts
- D:\Whisky-Cask-Club-BACKEND\src\app\modules\subscription\subscription.service.ts
- D:\Whisky-Cask-Club-BACKEND\src\app\modules\subscription\subscription.controller.ts
- D:\Whisky-Cask-Club-BACKEND\src\app\modules\subscription\subscription.route.ts
- D:\Whisky-Cask-Club-BACKEND\src\routes\index.ts
- D:\Whisky-Cask-Club-BACKEND\src\app.ts
- D:\Whisky-Cask-Club-BACKEND\src\server.ts
    at Function.Module._resolveFilename (node:internal/modules/cjs/loader:1225:15)
    at Function.Module._load (node:internal/modules/cjs/loader:1051:27)
    at Module.require (node:internal/modules/cjs/loader:1311:19)
    at require (node:internal/modules/helpers:179:18)
    at Object.<anonymous> (D:\Whisky-Cask-Club-BACKEND\src\shared\emailService.ts:5:1)
    at Module._compile (node:internal/modules/cjs/loader:1469:14)
    at Module._compile (D:\Whisky-Cask-Club-BACKEND\node_modules\.pnpm\source-map-support@0.5.21\node_modules\source-map-support\source-map-support.js:568:25)
    at Module.m._compile (C:\Users\user\AppData\Local\Temp\ts-node-dev-hook-548114955859601.js:69:33)
    at Module._extensions..js (node:internal/modules/cjs/loader:1548:10)
    at require.extensions..jsx.require.extensions..js (C:\Users\user\AppData\Local\Temp\ts-node-dev-hook-548114955859601.js:114:20)
16/08/2025 19:18:10 [nrb-nayon] ERROR: uncaughtException: Cannot find module 'helpers/emailHelper'
Require stack:
- D:\Whisky-Cask-Club-BACKEND\src\shared\emailService.ts
- D:\Whisky-Cask-Club-BACKEND\src\app\modules\subscription\subscription.service.ts
- D:\Whisky-Cask-Club-BACKEND\src\app\modules\subscription\subscription.controller.ts
- D:\Whisky-Cask-Club-BACKEND\src\app\modules\subscription\subscription.route.ts
- D:\Whisky-Cask-Club-BACKEND\src\routes\index.ts
- D:\Whisky-Cask-Club-BACKEND\src\app.ts
- D:\Whisky-Cask-Club-BACKEND\src\server.ts
Error: Cannot find module 'helpers/emailHelper'
Require stack:
- D:\Whisky-Cask-Club-BACKEND\src\shared\emailService.ts
- D:\Whisky-Cask-Club-BACKEND\src\app\modules\subscription\subscription.service.ts
- D:\Whisky-Cask-Club-BACKEND\src\app\modules\subscription\subscription.controller.ts
- D:\Whisky-Cask-Club-BACKEND\src\app\modules\subscription\subscription.route.ts
- D:\Whisky-Cask-Club-BACKEND\src\routes\index.ts
- D:\Whisky-Cask-Club-BACKEND\src\app.ts
- D:\Whisky-Cask-Club-BACKEND\src\server.ts
    at Function.Module._resolveFilename (node:internal/modules/cjs/loader:1225:15)
    at Function.Module._load (node:internal/modules/cjs/loader:1051:27)
    at Module.require (node:internal/modules/cjs/loader:1311:19)
    at require (node:internal/modules/helpers:179:18)
    at Object.<anonymous> (D:\Whisky-Cask-Club-BACKEND\src\shared\emailService.ts:5:1)
    at Module._compile (node:internal/modules/cjs/loader:1469:14)
    at Module._compile (D:\Whisky-Cask-Club-BACKEND\node_modules\.pnpm\source-map-support@0.5.21\node_modules\source-map-support\source-map-support.js:568:25)
    at Module.m._compile (C:\Users\user\AppData\Local\Temp\ts-node-dev-hook-548114955859601.js:69:33)
    at Module._extensions..js (node:internal/modules/cjs/loader:1548:10)
    at require.extensions..jsx.require.extensions..js (C:\Users\user\AppData\Local\Temp\ts-node-dev-hook-548114955859601.js:114:20)
Error: Cannot find module 'helpers/emailHelper'
Require stack:
- D:\Whisky-Cask-Club-BACKEND\src\shared\emailService.ts
- D:\Whisky-Cask-Club-BACKEND\src\app\modules\subscription\subscription.service.ts
- D:\Whisky-Cask-Club-BACKEND\src\app\modules\subscription\subscription.controller.ts
- D:\Whisky-Cask-Club-BACKEND\src\app\modules\subscription\subscription.route.ts
- D:\Whisky-Cask-Club-BACKEND\src\routes\index.ts
- D:\Whisky-Cask-Club-BACKEND\src\app.ts
- D:\Whisky-Cask-Club-BACKEND\src\server.ts
    at Function.Module._resolveFilename (node:internal/modules/cjs/loader:1225:15)
    at Function.Module._load (node:internal/modules/cjs/loader:1051:27)
    at Module.require (node:internal/modules/cjs/loader:1311:19)
    at require (node:internal/modules/helpers:179:18)
    at Object.<anonymous> (D:\Whisky-Cask-Club-BACKEND\src\shared\emailService.ts:5:1)
    at Module._compile (node:internal/modules/cjs/loader:1469:14)
    at Module._compile (D:\Whisky-Cask-Club-BACKEND\node_modules\.pnpm\source-map-support@0.5.21\node_modules\source-map-support\source-map-support.js:568:25)
    at Module.m._compile (C:\Users\user\AppData\Local\Temp\ts-node-dev-hook-548114955859601.js:69:33)
    at Module._extensions..js (node:internal/modules/cjs/loader:1548:10)
    at require.extensions..jsx.require.extensions..js (C:\Users\user\AppData\Local\Temp\ts-node-dev-hook-548114955859601.js:114:20)
16/08/2025 19:18:10 [nrb-nayon] ERROR: Uncaught Exception: Cannot find module 'helpers/emailHelper'
Require stack:
- D:\Whisky-Cask-Club-BACKEND\src\shared\emailService.ts
- D:\Whisky-Cask-Club-BACKEND\src\app\modules\subscription\subscription.service.ts
- D:\Whisky-Cask-Club-BACKEND\src\app\modules\subscription\subscription.controller.ts
- D:\Whisky-Cask-Club-BACKEND\src\app\modules\subscription\subscription.route.ts
- D:\Whisky-Cask-Club-BACKEND\src\routes\index.ts
- D:\Whisky-Cask-Club-BACKEND\src\app.ts
- D:\Whisky-Cask-Club-BACKEND\src\server.ts
Error: Cannot find module 'helpers/emailHelper'
Require stack:
- D:\Whisky-Cask-Club-BACKEND\src\shared\emailService.ts
- D:\Whisky-Cask-Club-BACKEND\src\app\modules\subscription\subscription.service.ts
- D:\Whisky-Cask-Club-BACKEND\src\app\modules\subscription\subscription.controller.ts
- D:\Whisky-Cask-Club-BACKEND\src\app\modules\subscription\subscription.route.ts
- D:\Whisky-Cask-Club-BACKEND\src\routes\index.ts
- D:\Whisky-Cask-Club-BACKEND\src\app.ts
- D:\Whisky-Cask-Club-BACKEND\src\server.ts
    at Function.Module._resolveFilename (node:internal/modules/cjs/loader:1225:15)
    at Function.Module._load (node:internal/modules/cjs/loader:1051:27)
    at Module.require (node:internal/modules/cjs/loader:1311:19)
    at require (node:internal/modules/helpers:179:18)
    at Object.<anonymous> (D:\Whisky-Cask-Club-BACKEND\src\shared\emailService.ts:5:1)
    at Module._compile (node:internal/modules/cjs/loader:1469:14)
    at Module._compile (D:\Whisky-Cask-Club-BACKEND\node_modules\.pnpm\source-map-support@0.5.21\node_modules\source-map-support\source-map-support.js:568:25)
    at Module.m._compile (C:\Users\user\AppData\Local\Temp\ts-node-dev-hook-548114955859601.js:69:33)
    at Module._extensions..js (node:internal/modules/cjs/loader:1548:10)
    at require.extensions..jsx.require.extensions..js (C:\Users\user\AppData\Local\Temp\ts-node-dev-hook-548114955859601.js:114:20)
