14/08/2025 17:51:32 [nrb-nayon] ERROR: uncaughtException: Cannot load native addon because loading addons is disabled: /home/project/node_modules/bcrypt/prebuilds/linux-x64/bcrypt.glibc.node
Error: Cannot load native addon because loading addons is disabled: /home/project/node_modules/bcrypt/prebuilds/linux-x64/bcrypt.glibc.node
    at _0x592c0b._0x58cb69 [as dlopen] (https://zp1v56uxy8rdx5ypatb0ockcb9tr6a-oci3.w-credentialless-staticblitz.com/blitz.96435430.js:31:861955)
    at Module._extensions..node (node:internal/modules/cjs/loader:148:17092)
    at Object.nodeDevHook [as .node] (/home/project/node_modules/ts-node-dev/lib/hook.js:63:13)
    at Module.load (node:internal/modules/cjs/loader:148:15281)
    at Module._load (node:internal/modules/cjs/loader:148:12773)
    at Module.require (node:internal/modules/cjs/loader:148:15469)
    at require3 (node:internal/modules/helpers:166:2696)
    at _0x52ec33 (https://zp1v56uxy8rdx5ypatb0ockcb9tr6a-oci3.w-credentialless-staticblitz.com/blitz.96435430.js:31:868754)
    at load (/home/project/node_modules/node-gyp-build/node-gyp-build.js:22:10)
    at Object.eval (/home/project/node_modules/bcrypt/bcrypt.js:2:43)
Error: Cannot load native addon because loading addons is disabled: /home/project/node_modules/bcrypt/prebuilds/linux-x64/bcrypt.glibc.node
    at _0x592c0b._0x58cb69 [as dlopen] (https://zp1v56uxy8rdx5ypatb0ockcb9tr6a-oci3.w-credentialless-staticblitz.com/blitz.96435430.js:31:861955)
    at Module._extensions..node (node:internal/modules/cjs/loader:148:17092)
    at Object.nodeDevHook [as .node] (/home/project/node_modules/ts-node-dev/lib/hook.js:63:13)
    at Module.load (node:internal/modules/cjs/loader:148:15281)
    at Module._load (node:internal/modules/cjs/loader:148:12773)
    at Module.require (node:internal/modules/cjs/loader:148:15469)
    at require3 (node:internal/modules/helpers:166:2696)
    at _0x52ec33 (https://zp1v56uxy8rdx5ypatb0ockcb9tr6a-oci3.w-credentialless-staticblitz.com/blitz.96435430.js:31:868754)
    at load (/home/project/node_modules/node-gyp-build/node-gyp-build.js:22:10)
    at Object.eval (/home/project/node_modules/bcrypt/bcrypt.js:2:43)
14/08/2025 17:51:32 [nrb-nayon] ERROR: Uncaught Exception: Cannot load native addon because loading addons is disabled: /home/project/node_modules/bcrypt/prebuilds/linux-x64/bcrypt.glibc.node
Error: Cannot load native addon because loading addons is disabled: /home/project/node_modules/bcrypt/prebuilds/linux-x64/bcrypt.glibc.node
    at _0x592c0b._0x58cb69 [as dlopen] (https://zp1v56uxy8rdx5ypatb0ockcb9tr6a-oci3.w-credentialless-staticblitz.com/blitz.96435430.js:31:861955)
    at Module._extensions..node (node:internal/modules/cjs/loader:148:17092)
    at Object.nodeDevHook [as .node] (/home/project/node_modules/ts-node-dev/lib/hook.js:63:13)
    at Module.load (node:internal/modules/cjs/loader:148:15281)
    at Module._load (node:internal/modules/cjs/loader:148:12773)
    at Module.require (node:internal/modules/cjs/loader:148:15469)
    at require3 (node:internal/modules/helpers:166:2696)
    at _0x52ec33 (https://zp1v56uxy8rdx5ypatb0ockcb9tr6a-oci3.w-credentialless-staticblitz.com/blitz.96435430.js:31:868754)
    at load (/home/project/node_modules/node-gyp-build/node-gyp-build.js:22:10)
    at Object.eval (/home/project/node_modules/bcrypt/bcrypt.js:2:43)
14/08/2025 17:52:03 [nrb-nayon] ERROR: uncaughtException: Cannot load native addon because loading addons is disabled: /home/project/node_modules/bcrypt/prebuilds/linux-x64/bcrypt.glibc.node
Error: Cannot load native addon because loading addons is disabled: /home/project/node_modules/bcrypt/prebuilds/linux-x64/bcrypt.glibc.node
    at _0x592c0b._0x58cb69 [as dlopen] (https://zp1v56uxy8rdx5ypatb0ockcb9tr6a-oci3.w-credentialless-staticblitz.com/blitz.96435430.js:31:861955)
    at Module._extensions..node (node:internal/modules/cjs/loader:148:17092)
    at Object.nodeDevHook [as .node] (/home/project/node_modules/ts-node-dev/lib/hook.js:63:13)
    at Module.load (node:internal/modules/cjs/loader:148:15281)
    at Module._load (node:internal/modules/cjs/loader:148:12773)
    at Module.require (node:internal/modules/cjs/loader:148:15469)
    at require3 (node:internal/modules/helpers:166:2696)
    at _0x52ec33 (https://zp1v56uxy8rdx5ypatb0ockcb9tr6a-oci3.w-credentialless-staticblitz.com/blitz.96435430.js:31:868754)
    at load (/home/project/node_modules/node-gyp-build/node-gyp-build.js:22:10)
    at Object.eval (/home/project/node_modules/bcrypt/bcrypt.js:2:43)
Error: Cannot load native addon because loading addons is disabled: /home/project/node_modules/bcrypt/prebuilds/linux-x64/bcrypt.glibc.node
    at _0x592c0b._0x58cb69 [as dlopen] (https://zp1v56uxy8rdx5ypatb0ockcb9tr6a-oci3.w-credentialless-staticblitz.com/blitz.96435430.js:31:861955)
    at Module._extensions..node (node:internal/modules/cjs/loader:148:17092)
    at Object.nodeDevHook [as .node] (/home/project/node_modules/ts-node-dev/lib/hook.js:63:13)
    at Module.load (node:internal/modules/cjs/loader:148:15281)
    at Module._load (node:internal/modules/cjs/loader:148:12773)
    at Module.require (node:internal/modules/cjs/loader:148:15469)
    at require3 (node:internal/modules/helpers:166:2696)
    at _0x52ec33 (https://zp1v56uxy8rdx5ypatb0ockcb9tr6a-oci3.w-credentialless-staticblitz.com/blitz.96435430.js:31:868754)
    at load (/home/project/node_modules/node-gyp-build/node-gyp-build.js:22:10)
    at Object.eval (/home/project/node_modules/bcrypt/bcrypt.js:2:43)
14/08/2025 17:52:03 [nrb-nayon] ERROR: Uncaught Exception: Cannot load native addon because loading addons is disabled: /home/project/node_modules/bcrypt/prebuilds/linux-x64/bcrypt.glibc.node
Error: Cannot load native addon because loading addons is disabled: /home/project/node_modules/bcrypt/prebuilds/linux-x64/bcrypt.glibc.node
    at _0x592c0b._0x58cb69 [as dlopen] (https://zp1v56uxy8rdx5ypatb0ockcb9tr6a-oci3.w-credentialless-staticblitz.com/blitz.96435430.js:31:861955)
    at Module._extensions..node (node:internal/modules/cjs/loader:148:17092)
    at Object.nodeDevHook [as .node] (/home/project/node_modules/ts-node-dev/lib/hook.js:63:13)
    at Module.load (node:internal/modules/cjs/loader:148:15281)
    at Module._load (node:internal/modules/cjs/loader:148:12773)
    at Module.require (node:internal/modules/cjs/loader:148:15469)
    at require3 (node:internal/modules/helpers:166:2696)
    at _0x52ec33 (https://zp1v56uxy8rdx5ypatb0ockcb9tr6a-oci3.w-credentialless-staticblitz.com/blitz.96435430.js:31:868754)
    at load (/home/project/node_modules/node-gyp-build/node-gyp-build.js:22:10)
    at Object.eval (/home/project/node_modules/bcrypt/bcrypt.js:2:43)
14/08/2025 17:52:14 [nrb-nayon] ERROR: uncaughtException: Cannot load native addon because loading addons is disabled: /home/project/node_modules/bcrypt/prebuilds/linux-x64/bcrypt.glibc.node
Error: Cannot load native addon because loading addons is disabled: /home/project/node_modules/bcrypt/prebuilds/linux-x64/bcrypt.glibc.node
    at _0x592c0b._0x58cb69 [as dlopen] (https://zp1v56uxy8rdx5ypatb0ockcb9tr6a-oci3.w-credentialless-staticblitz.com/blitz.96435430.js:31:861955)
    at Module._extensions..node (node:internal/modules/cjs/loader:148:17092)
    at Object.nodeDevHook [as .node] (/home/project/node_modules/ts-node-dev/lib/hook.js:63:13)
    at Module.load (node:internal/modules/cjs/loader:148:15281)
    at Module._load (node:internal/modules/cjs/loader:148:12773)
    at Module.require (node:internal/modules/cjs/loader:148:15469)
    at require3 (node:internal/modules/helpers:166:2696)
    at _0x52ec33 (https://zp1v56uxy8rdx5ypatb0ockcb9tr6a-oci3.w-credentialless-staticblitz.com/blitz.96435430.js:31:868754)
    at load (/home/project/node_modules/node-gyp-build/node-gyp-build.js:22:10)
    at Object.eval (/home/project/node_modules/bcrypt/bcrypt.js:2:43)
Error: Cannot load native addon because loading addons is disabled: /home/project/node_modules/bcrypt/prebuilds/linux-x64/bcrypt.glibc.node
    at _0x592c0b._0x58cb69 [as dlopen] (https://zp1v56uxy8rdx5ypatb0ockcb9tr6a-oci3.w-credentialless-staticblitz.com/blitz.96435430.js:31:861955)
    at Module._extensions..node (node:internal/modules/cjs/loader:148:17092)
    at Object.nodeDevHook [as .node] (/home/project/node_modules/ts-node-dev/lib/hook.js:63:13)
    at Module.load (node:internal/modules/cjs/loader:148:15281)
    at Module._load (node:internal/modules/cjs/loader:148:12773)
    at Module.require (node:internal/modules/cjs/loader:148:15469)
    at require3 (node:internal/modules/helpers:166:2696)
    at _0x52ec33 (https://zp1v56uxy8rdx5ypatb0ockcb9tr6a-oci3.w-credentialless-staticblitz.com/blitz.96435430.js:31:868754)
    at load (/home/project/node_modules/node-gyp-build/node-gyp-build.js:22:10)
    at Object.eval (/home/project/node_modules/bcrypt/bcrypt.js:2:43)
14/08/2025 17:52:14 [nrb-nayon] ERROR: Uncaught Exception: Cannot load native addon because loading addons is disabled: /home/project/node_modules/bcrypt/prebuilds/linux-x64/bcrypt.glibc.node
Error: Cannot load native addon because loading addons is disabled: /home/project/node_modules/bcrypt/prebuilds/linux-x64/bcrypt.glibc.node
    at _0x592c0b._0x58cb69 [as dlopen] (https://zp1v56uxy8rdx5ypatb0ockcb9tr6a-oci3.w-credentialless-staticblitz.com/blitz.96435430.js:31:861955)
    at Module._extensions..node (node:internal/modules/cjs/loader:148:17092)
    at Object.nodeDevHook [as .node] (/home/project/node_modules/ts-node-dev/lib/hook.js:63:13)
    at Module.load (node:internal/modules/cjs/loader:148:15281)
    at Module._load (node:internal/modules/cjs/loader:148:12773)
    at Module.require (node:internal/modules/cjs/loader:148:15469)
    at require3 (node:internal/modules/helpers:166:2696)
    at _0x52ec33 (https://zp1v56uxy8rdx5ypatb0ockcb9tr6a-oci3.w-credentialless-staticblitz.com/blitz.96435430.js:31:868754)
    at load (/home/project/node_modules/node-gyp-build/node-gyp-build.js:22:10)
    at Object.eval (/home/project/node_modules/bcrypt/bcrypt.js:2:43)
14/08/2025 17:52:25 [nrb-nayon] ERROR: uncaughtException: Cannot load native addon because loading addons is disabled: /home/project/node_modules/bcrypt/prebuilds/linux-x64/bcrypt.glibc.node
Error: Cannot load native addon because loading addons is disabled: /home/project/node_modules/bcrypt/prebuilds/linux-x64/bcrypt.glibc.node
    at _0x592c0b._0x58cb69 [as dlopen] (https://zp1v56uxy8rdx5ypatb0ockcb9tr6a-oci3.w-credentialless-staticblitz.com/blitz.96435430.js:31:861955)
    at Module._extensions..node (node:internal/modules/cjs/loader:148:17092)
    at Object.nodeDevHook [as .node] (/home/project/node_modules/ts-node-dev/lib/hook.js:63:13)
    at Module.load (node:internal/modules/cjs/loader:148:15281)
    at Module._load (node:internal/modules/cjs/loader:148:12773)
    at Module.require (node:internal/modules/cjs/loader:148:15469)
    at require3 (node:internal/modules/helpers:166:2696)
    at _0x52ec33 (https://zp1v56uxy8rdx5ypatb0ockcb9tr6a-oci3.w-credentialless-staticblitz.com/blitz.96435430.js:31:868754)
    at load (/home/project/node_modules/node-gyp-build/node-gyp-build.js:22:10)
    at Object.eval (/home/project/node_modules/bcrypt/bcrypt.js:2:43)
Error: Cannot load native addon because loading addons is disabled: /home/project/node_modules/bcrypt/prebuilds/linux-x64/bcrypt.glibc.node
    at _0x592c0b._0x58cb69 [as dlopen] (https://zp1v56uxy8rdx5ypatb0ockcb9tr6a-oci3.w-credentialless-staticblitz.com/blitz.96435430.js:31:861955)
    at Module._extensions..node (node:internal/modules/cjs/loader:148:17092)
    at Object.nodeDevHook [as .node] (/home/project/node_modules/ts-node-dev/lib/hook.js:63:13)
    at Module.load (node:internal/modules/cjs/loader:148:15281)
    at Module._load (node:internal/modules/cjs/loader:148:12773)
    at Module.require (node:internal/modules/cjs/loader:148:15469)
    at require3 (node:internal/modules/helpers:166:2696)
    at _0x52ec33 (https://zp1v56uxy8rdx5ypatb0ockcb9tr6a-oci3.w-credentialless-staticblitz.com/blitz.96435430.js:31:868754)
    at load (/home/project/node_modules/node-gyp-build/node-gyp-build.js:22:10)
    at Object.eval (/home/project/node_modules/bcrypt/bcrypt.js:2:43)
14/08/2025 17:52:25 [nrb-nayon] ERROR: Uncaught Exception: Cannot load native addon because loading addons is disabled: /home/project/node_modules/bcrypt/prebuilds/linux-x64/bcrypt.glibc.node
Error: Cannot load native addon because loading addons is disabled: /home/project/node_modules/bcrypt/prebuilds/linux-x64/bcrypt.glibc.node
    at _0x592c0b._0x58cb69 [as dlopen] (https://zp1v56uxy8rdx5ypatb0ockcb9tr6a-oci3.w-credentialless-staticblitz.com/blitz.96435430.js:31:861955)
    at Module._extensions..node (node:internal/modules/cjs/loader:148:17092)
    at Object.nodeDevHook [as .node] (/home/project/node_modules/ts-node-dev/lib/hook.js:63:13)
    at Module.load (node:internal/modules/cjs/loader:148:15281)
    at Module._load (node:internal/modules/cjs/loader:148:12773)
    at Module.require (node:internal/modules/cjs/loader:148:15469)
    at require3 (node:internal/modules/helpers:166:2696)
    at _0x52ec33 (https://zp1v56uxy8rdx5ypatb0ockcb9tr6a-oci3.w-credentialless-staticblitz.com/blitz.96435430.js:31:868754)
    at load (/home/project/node_modules/node-gyp-build/node-gyp-build.js:22:10)
    at Object.eval (/home/project/node_modules/bcrypt/bcrypt.js:2:43)
14/08/2025 17:52:35 [nrb-nayon] ERROR: uncaughtException: Cannot load native addon because loading addons is disabled: /home/project/node_modules/bcrypt/prebuilds/linux-x64/bcrypt.glibc.node
Error: Cannot load native addon because loading addons is disabled: /home/project/node_modules/bcrypt/prebuilds/linux-x64/bcrypt.glibc.node
    at _0x592c0b._0x58cb69 [as dlopen] (https://zp1v56uxy8rdx5ypatb0ockcb9tr6a-oci3.w-credentialless-staticblitz.com/blitz.96435430.js:31:861955)
    at Module._extensions..node (node:internal/modules/cjs/loader:148:17092)
    at Object.nodeDevHook [as .node] (/home/project/node_modules/ts-node-dev/lib/hook.js:63:13)
    at Module.load (node:internal/modules/cjs/loader:148:15281)
    at Module._load (node:internal/modules/cjs/loader:148:12773)
    at Module.require (node:internal/modules/cjs/loader:148:15469)
    at require3 (node:internal/modules/helpers:166:2696)
    at _0x52ec33 (https://zp1v56uxy8rdx5ypatb0ockcb9tr6a-oci3.w-credentialless-staticblitz.com/blitz.96435430.js:31:868754)
    at load (/home/project/node_modules/node-gyp-build/node-gyp-build.js:22:10)
    at Object.eval (/home/project/node_modules/bcrypt/bcrypt.js:2:43)
Error: Cannot load native addon because loading addons is disabled: /home/project/node_modules/bcrypt/prebuilds/linux-x64/bcrypt.glibc.node
    at _0x592c0b._0x58cb69 [as dlopen] (https://zp1v56uxy8rdx5ypatb0ockcb9tr6a-oci3.w-credentialless-staticblitz.com/blitz.96435430.js:31:861955)
    at Module._extensions..node (node:internal/modules/cjs/loader:148:17092)
    at Object.nodeDevHook [as .node] (/home/project/node_modules/ts-node-dev/lib/hook.js:63:13)
    at Module.load (node:internal/modules/cjs/loader:148:15281)
    at Module._load (node:internal/modules/cjs/loader:148:12773)
    at Module.require (node:internal/modules/cjs/loader:148:15469)
    at require3 (node:internal/modules/helpers:166:2696)
    at _0x52ec33 (https://zp1v56uxy8rdx5ypatb0ockcb9tr6a-oci3.w-credentialless-staticblitz.com/blitz.96435430.js:31:868754)
    at load (/home/project/node_modules/node-gyp-build/node-gyp-build.js:22:10)
    at Object.eval (/home/project/node_modules/bcrypt/bcrypt.js:2:43)
14/08/2025 17:52:35 [nrb-nayon] ERROR: Uncaught Exception: Cannot load native addon because loading addons is disabled: /home/project/node_modules/bcrypt/prebuilds/linux-x64/bcrypt.glibc.node
Error: Cannot load native addon because loading addons is disabled: /home/project/node_modules/bcrypt/prebuilds/linux-x64/bcrypt.glibc.node
    at _0x592c0b._0x58cb69 [as dlopen] (https://zp1v56uxy8rdx5ypatb0ockcb9tr6a-oci3.w-credentialless-staticblitz.com/blitz.96435430.js:31:861955)
    at Module._extensions..node (node:internal/modules/cjs/loader:148:17092)
    at Object.nodeDevHook [as .node] (/home/project/node_modules/ts-node-dev/lib/hook.js:63:13)
    at Module.load (node:internal/modules/cjs/loader:148:15281)
    at Module._load (node:internal/modules/cjs/loader:148:12773)
    at Module.require (node:internal/modules/cjs/loader:148:15469)
    at require3 (node:internal/modules/helpers:166:2696)
    at _0x52ec33 (https://zp1v56uxy8rdx5ypatb0ockcb9tr6a-oci3.w-credentialless-staticblitz.com/blitz.96435430.js:31:868754)
    at load (/home/project/node_modules/node-gyp-build/node-gyp-build.js:22:10)
    at Object.eval (/home/project/node_modules/bcrypt/bcrypt.js:2:43)
14/08/2025 17:54:21 [nrb-nayon] ERROR: uncaughtException: Cannot load native addon because loading addons is disabled: /home/project/node_modules/bcrypt/prebuilds/linux-x64/bcrypt.glibc.node
Error: Cannot load native addon because loading addons is disabled: /home/project/node_modules/bcrypt/prebuilds/linux-x64/bcrypt.glibc.node
    at _0x592c0b._0x58cb69 [as dlopen] (https://zp1v56uxy8rdx5ypatb0ockcb9tr6a-oci3.w-credentialless-staticblitz.com/blitz.96435430.js:31:861955)
    at Module._extensions..node (node:internal/modules/cjs/loader:148:17092)
    at Object.nodeDevHook [as .node] (/home/project/node_modules/ts-node-dev/lib/hook.js:63:13)
    at Module.load (node:internal/modules/cjs/loader:148:15281)
    at Module._load (node:internal/modules/cjs/loader:148:12773)
    at Module.require (node:internal/modules/cjs/loader:148:15469)
    at require3 (node:internal/modules/helpers:166:2696)
    at _0x52ec33 (https://zp1v56uxy8rdx5ypatb0ockcb9tr6a-oci3.w-credentialless-staticblitz.com/blitz.96435430.js:31:868754)
    at load (/home/project/node_modules/node-gyp-build/node-gyp-build.js:22:10)
    at Object.eval (/home/project/node_modules/bcrypt/bcrypt.js:2:43)
Error: Cannot load native addon because loading addons is disabled: /home/project/node_modules/bcrypt/prebuilds/linux-x64/bcrypt.glibc.node
    at _0x592c0b._0x58cb69 [as dlopen] (https://zp1v56uxy8rdx5ypatb0ockcb9tr6a-oci3.w-credentialless-staticblitz.com/blitz.96435430.js:31:861955)
    at Module._extensions..node (node:internal/modules/cjs/loader:148:17092)
    at Object.nodeDevHook [as .node] (/home/project/node_modules/ts-node-dev/lib/hook.js:63:13)
    at Module.load (node:internal/modules/cjs/loader:148:15281)
    at Module._load (node:internal/modules/cjs/loader:148:12773)
    at Module.require (node:internal/modules/cjs/loader:148:15469)
    at require3 (node:internal/modules/helpers:166:2696)
    at _0x52ec33 (https://zp1v56uxy8rdx5ypatb0ockcb9tr6a-oci3.w-credentialless-staticblitz.com/blitz.96435430.js:31:868754)
    at load (/home/project/node_modules/node-gyp-build/node-gyp-build.js:22:10)
    at Object.eval (/home/project/node_modules/bcrypt/bcrypt.js:2:43)
14/08/2025 17:54:21 [nrb-nayon] ERROR: Uncaught Exception: Cannot load native addon because loading addons is disabled: /home/project/node_modules/bcrypt/prebuilds/linux-x64/bcrypt.glibc.node
Error: Cannot load native addon because loading addons is disabled: /home/project/node_modules/bcrypt/prebuilds/linux-x64/bcrypt.glibc.node
    at _0x592c0b._0x58cb69 [as dlopen] (https://zp1v56uxy8rdx5ypatb0ockcb9tr6a-oci3.w-credentialless-staticblitz.com/blitz.96435430.js:31:861955)
    at Module._extensions..node (node:internal/modules/cjs/loader:148:17092)
    at Object.nodeDevHook [as .node] (/home/project/node_modules/ts-node-dev/lib/hook.js:63:13)
    at Module.load (node:internal/modules/cjs/loader:148:15281)
    at Module._load (node:internal/modules/cjs/loader:148:12773)
    at Module.require (node:internal/modules/cjs/loader:148:15469)
    at require3 (node:internal/modules/helpers:166:2696)
    at _0x52ec33 (https://zp1v56uxy8rdx5ypatb0ockcb9tr6a-oci3.w-credentialless-staticblitz.com/blitz.96435430.js:31:868754)
    at load (/home/project/node_modules/node-gyp-build/node-gyp-build.js:22:10)
    at Object.eval (/home/project/node_modules/bcrypt/bcrypt.js:2:43)
